  Game.cpp
C:\Users\Professional\Desktop\WordMaker\MainHeader.h(39,39): warning C4244: аргумент: преобразование "int" в "T", возможна потеря данных
C:\Users\Professional\Desktop\WordMaker\MainHeader.h(39,39): warning C4244:         with
C:\Users\Professional\Desktop\WordMaker\MainHeader.h(39,39): warning C4244:         [
C:\Users\Professional\Desktop\WordMaker\MainHeader.h(39,39): warning C4244:             T=float
C:\Users\Professional\Desktop\WordMaker\MainHeader.h(39,39): warning C4244:         ]
  (компиляция исходного файла "Game.cpp")
  
C:\Users\Professional\Desktop\WordMaker\MainHeader.h(39,32): warning C4244: аргумент: преобразование "int" в "T", возможна потеря данных
C:\Users\Professional\Desktop\WordMaker\MainHeader.h(39,32): warning C4244:         with
C:\Users\Professional\Desktop\WordMaker\MainHeader.h(39,32): warning C4244:         [
C:\Users\Professional\Desktop\WordMaker\MainHeader.h(39,32): warning C4244:             T=float
C:\Users\Professional\Desktop\WordMaker\MainHeader.h(39,32): warning C4244:         ]
  (компиляция исходного файла "Game.cpp")
  
C:\Users\Professional\Desktop\WordMaker\MainHeader.h(43,33): warning C4244: аргумент: преобразование "int" в "float", возможна потеря данных
  (компиляция исходного файла "Game.cpp")
  
C:\Users\Professional\Desktop\WordMaker\MainHeader.h(43,27): warning C4244: аргумент: преобразование "int" в "float", возможна потеря данных
  (компиляция исходного файла "Game.cpp")
  
C:\Users\Professional\Desktop\WordMaker\Game.cpp(235,68): warning C4305: аргумент: усечение из "double" в "float"
C:\Users\Professional\Desktop\WordMaker\Game.cpp(276,74): warning C4305: аргумент: усечение из "double" в "float"
C:\Users\Professional\Desktop\WordMaker\Game.cpp(277,84): warning C4305: аргумент: усечение из "double" в "float"
C:\Users\Professional\Desktop\WordMaker\Game.cpp(278,79): warning C4305: аргумент: усечение из "double" в "float"
C:\Users\Professional\Desktop\WordMaker\Game.cpp(279,79): warning C4305: аргумент: усечение из "double" в "float"
C:\Users\Professional\Desktop\WordMaker\Game.cpp(280,74): warning C4305: аргумент: усечение из "double" в "float"
C:\Users\Professional\Desktop\WordMaker\Game.cpp(321,77): warning C4244: аргумент: преобразование "float" в "int", возможна потеря данных
C:\Users\Professional\Desktop\WordMaker\Game.cpp(321,64): warning C4244: аргумент: преобразование "float" в "int", возможна потеря данных
C:\Users\Professional\Desktop\WordMaker\Game.cpp(322,78): warning C4244: аргумент: преобразование "float" в "int", возможна потеря данных
C:\Users\Professional\Desktop\WordMaker\Game.cpp(322,65): warning C4244: аргумент: преобразование "float" в "int", возможна потеря данных
C:\Users\Professional\Desktop\WordMaker\Game.cpp(557,78): warning C4305: аргумент: усечение из "double" в "float"
C:\Users\Professional\Desktop\WordMaker\Game.cpp(558,105): warning C4305: аргумент: усечение из "double" в "float"
C:\Users\Professional\Desktop\WordMaker\Game.cpp(559,82): warning C4305: аргумент: усечение из "double" в "float"
C:\Users\Professional\Desktop\WordMaker\Game.cpp(587,97): warning C4305: аргумент: усечение из "double" в "float"
C:\Users\Professional\Desktop\WordMaker\Game.cpp(590,94): warning C4305: аргумент: усечение из "double" в "float"
C:\Users\Professional\Desktop\WordMaker\Game.cpp(640,62): warning C4267: +=: преобразование из "size_t" в "unsigned int"; возможна потеря данных
  Создание кода
C:\Users\Professional\Desktop\WordMaker\Game.cpp(72): warning C4715: getCurrentIndex: значение возвращается не при всех путях выполнения
C:\Users\Professional\Desktop\WordMaker\Game.cpp(81): warning C4715: getCurrentIndexStr: значение возвращается не при всех путях выполнения
  1499 of 1802 functions (83.2%) were compiled, the rest were copied from previous compilation.
    1301 functions were new in current compilation
    67 functions had inline decision re-evaluated but remain unchanged
  Создание кода завершено
  Game.vcxproj -> C:\Users\Professional\Desktop\WordMaker\x64\Release\Game.exe
